Client /tmp/hpvjiogsworker9 trying to connect to 10.210.38.18:45981
Server not ready: [Errno 107] Transport endpoint is not connected
Server connection established
client connected to ('10.210.38.18', 45981)
Data for round 0 received: 1350413157.29
/tmp/hpvjiogsworker9_0... done!
Data for round 1 received: 1350413169.94
/tmp/hpvjiogsworker9_1... done!
Data for round 2 received: 1350413173.49
/tmp/hpvjiogsworker9_2... done!
Data for round 3 received: 1350413176.54
/tmp/hpvjiogsworker9_3... done!
Data for round 4 received: 1350413179.58
/tmp/hpvjiogsworker9_4... done!
Data for round 5 received: 1350413182.53
/tmp/hpvjiogsworker9_5... done!
Data for round 6 received: 1350413185.83
/tmp/hpvjiogsworker9_6... done!
Data for round 7 received: 1350413188.66
/tmp/hpvjiogsworker9_7... done!
Data for round 8 received: 1350413191.83
/tmp/hpvjiogsworker9_8... done!
Data for round 9 received: 1350413194.99
/tmp/hpvjiogsworker9_9... done!
Data for round 10 received: 1350413197.75
/tmp/hpvjiogsworker9_10... done!
Data for round 11 received: 1350413200.84
/tmp/hpvjiogsworker9_11... done!
Data for round 12 received: 1350413203.9
/tmp/hpvjiogsworker9_12... done!
Data for round 13 received: 1350413206.49
/tmp/hpvjiogsworker9_13... done!
Data for round 14 received: 1350413209.42
/tmp/hpvjiogsworker9_14... done!
Data for round 15 received: 1350413211.98
/tmp/hpvjiogsworker9_15... done!
Data for round 16 received: 1350413214.88
/tmp/hpvjiogsworker9_16... done!
Data for round 17 received: 1350413217.41
/tmp/hpvjiogsworker9_17... done!
Data for round 18 received: 1350413219.89
/tmp/hpvjiogsworker9_18... done!
Data for round 19 received: 1350413222.37
/tmp/hpvjiogsworker9_19... done!
Data for round 20 received: 1350413224.79
/tmp/hpvjiogsworker9_20... done!
Data for round 21 received: 1350413227.19
/tmp/hpvjiogsworker9_21... done!
Data for round 22 received: 1350413229.92
/tmp/hpvjiogsworker9_22... done!
Data for round 23 received: 1350413232.26
/tmp/hpvjiogsworker9_23... done!
Data for round 24 received: 1350413234.63
/tmp/hpvjiogsworker9_24... done!
Data for round 25 received: 1350413237.31
/tmp/hpvjiogsworker9_25... done!
Data for round 26 received: 1350413239.98
/tmp/hpvjiogsworker9_26... done!
Data for round 27 received: 1350413242.24
/tmp/hpvjiogsworker9_27... done!
Data for round 28 received: 1350413244.47
/tmp/hpvjiogsworker9_28... done!
Data for round 29 received: 1350413246.71
/tmp/hpvjiogsworker9_29... done!
Data for round 30 received: 1350413249.25
/tmp/hpvjiogsworker9_30... done!
Data for round 31 received: 1350413251.43
/tmp/hpvjiogsworker9_31... done!
Data for round 32 received: 1350413253.61
/tmp/hpvjiogsworker9_32... done!
Data for round 33 received: 1350413256.07
/tmp/hpvjiogsworker9_33... done!
Data for round 34 received: 1350413258.57
/tmp/hpvjiogsworker9_34... done!
Data for round 35 received: 1350413260.7
/tmp/hpvjiogsworker9_35... done!
Data for round 36 received: 1350413262.8
/tmp/hpvjiogsworker9_36... done!
Data for round 37 received: 1350413264.88
/tmp/hpvjiogsworker9_37... done!
Data for round 38 received: 1350413267.23
/tmp/hpvjiogsworker9_38... done!
Data for round 39 received: 1350413269.25
/tmp/hpvjiogsworker9_39... done!
Data for round 40 received: 1350413271.26
/tmp/hpvjiogsworker9_40... done!
Data for round 41 received: 1350413273.59
/tmp/hpvjiogsworker9_41... done!
Data for round 42 received: 1350413275.62
/tmp/hpvjiogsworker9_42... done!
Data for round 43 received: 1350413277.64
/tmp/hpvjiogsworker9_43... done!
Data for round 44 received: 1350413279.61
/tmp/hpvjiogsworker9_44... done!
Data for round 45 received: 1350413281.89
/tmp/hpvjiogsworker9_45... done!
Data for round 46 received: 1350413283.85
/tmp/hpvjiogsworker9_46... done!
Data for round 47 received: 1350413285.83
/tmp/hpvjiogsworker9_47... done!
Data for round 48 received: 1350413287.78
/tmp/hpvjiogsworker9_48... done!
Data for round 49 received: 1350413289.72
/tmp/hpvjiogsworker9_49... done!
Data for round 50 received: 1350413291.88
/tmp/hpvjiogsworker9_50... done!
Data for round 51 received: 1350413293.78
/tmp/hpvjiogsworker9_51... done!
Data for round 52 received: 1350413295.73
/tmp/hpvjiogsworker9_52... done!
Data for round 53 received: 1350413297.61
/tmp/hpvjiogsworker9_53... done!
Data for round 54 received: 1350413299.48
/tmp/hpvjiogsworker9_54... done!
Data for round 55 received: 1350413301.31
/tmp/hpvjiogsworker9_55... done!
Data for round 56 received: 1350413303.4
/tmp/hpvjiogsworker9_56... done!
Data for round 57 received: 1350413305.49
/tmp/hpvjiogsworker9_57... done!
Server closed connection at 1350413307.26. Shutting down.
